<?xml version="1.0" encoding="UTF-8"?>
<!-- Generated by org.testng.reporters.JUnitReportReporter -->
<testsuite hostname="DESKTOP-35O0G7T" failures="0" tests="1" name="com.TestCases.OperationPerformenceTest" time="52.314" errors="0" timestamp="2024-03-12T23:47:33 IST" skipped="0">
  <testcase classname="com.TestCases.OperationPerformenceTest" name="toolsQAOpearation_Test" time="52.314"/>
  <system-out/>
</testsuite> <!-- com.TestCases.OperationPerformenceTest -->
